{"type":["init_ps"],"time":["2024-05-13 18:31:20"],"user":["merttanrioever"],"umph":[1715617880.6974],"ok":[true]}
,
{"type":["check_chunk"],"time":["2024-05-13 18:31:20"],"user":["merttanrioever"],"umph":[1715617880.7903],"ok":[true],"chunk":[1],"ex":[1],"e.ind":[0],"code":["\n2\n"],"message":[""]}
,
{"type":["check_chunk"],"time":["2024-05-13 18:31:20"],"user":["merttanrioever"],"umph":[1715617880.8054],"ok":[true],"chunk":[2],"ex":[1],"e.ind":[0],"code":["\n\"nein\"\n"],"message":[""]}
,
{"type":["check_chunk"],"time":["2024-05-13 18:31:24"],"user":["merttanrioever"],"umph":[1715617884.1553],"ok":[true],"chunk":[3],"ex":[1],"e.ind":[0],"code":["thp <- read_csv(\"data/THP_clean.csv\") %>%\n  select(newid, uc, depressed_1y, treat, age_baseline, age_baseline_sq, kids_no, famstruct_baseline, grandmother_baseline, edu_mo, edu_fa, employed_mo_baseline, incomeindex, depindex_0, mspss_tot)\n\nskim(thp)\n"],"message":[""]}
,
{"type":["check_chunk"],"time":["2024-05-13 18:31:24"],"user":["merttanrioever"],"umph":[1715617884.4829],"ok":[true],"chunk":[4],"ex":[1],"e.ind":[0],"code":["thp_plots <- thp %>%\n  mutate(treat_factor = as.factor(ifelse(treat == 1 , \"Treatment\", \"Kontrolle\")),\n         depressed = as.factor(ifelse(depressed_1y == 0, \"keine Depressionen\", \"Depressionen\"))) %>%\n  filter( !is.na(depressed)) \nplot_prop_depression <- ggplot(thp_plots, aes(x = depressed, fill = treat_factor)) +\n  geom_bar(position = \"fill\") +\n  labs(x = NULL, y = \"Anteil an Depressionen\", fill = NULL) +\n  scale_fill_manual(values = c(\"darkblue\", \"darkred\"))\n\nplot_prop_depression\n\n"],"message":[""]}
,
{"type":["check_chunk"],"time":["2024-05-13 18:31:24"],"user":["merttanrioever"],"umph":[1715617884.499],"ok":[true],"chunk":[5],"ex":[1],"e.ind":[0],"code":["\n\"ja\"\n"],"message":[""]}
,
{"type":["check_chunk"],"time":["2024-05-13 18:31:24"],"user":["merttanrioever"],"umph":[1715617884.5112],"ok":[true],"chunk":[6],"ex":[1],"e.ind":[0],"code":["\n\"unterschätzen\"\n"],"message":[""]}
,
{"type":["check_chunk"],"time":["2024-05-13 18:31:25"],"user":["merttanrioever"],"umph":[1715617885.0414],"ok":[true],"chunk":[7],"ex":[1],"e.ind":[0],"code":["thp %>% \n  pivot_longer(cols = -treat, names_to = \"variable\", values_to = \"value\") %>%\n  group_nest(variable) %>%\n  mutate(t.test = map(data, ~tidy(t.test(value ~ treat, data = .x)))) %>%\n  unnest(t.test) %>%\n  mutate( Mean_Treatment = round(estimate2, 2),\n          Mean_Kontrolle = round(estimate1, 2),\n    Differenz = round(estimate, 4),\n          Signifikanz = round(p.value,4)) %>%\n  select(variable, Mean_Treatment, Mean_Kontrolle, Differenz, Signifikanz)"],"message":[""]}
,
{"type":["check_chunk"],"time":["2024-05-13 18:31:25"],"user":["merttanrioever"],"umph":[1715617885.0645],"ok":[true],"chunk":[8],"ex":[1],"e.ind":[0],"code":["\n3\n"],"message":[""]}
,
{"type":["check_chunk"],"time":["2024-05-13 18:31:25"],"user":["merttanrioever"],"umph":[1715617885.1212],"ok":[true],"chunk":[9],"ex":[1],"e.ind":[0],"code":["reg1 <- lm(depressed_1y ~ treat, data=thp)\nreg2 <- lm(depressed_1y ~ treat + depindex_0, data=thp)\nreg3 <- lm(depressed_1y ~ treat + depindex_0 + age_baseline + age_baseline_sq + kids_no + famstruct_baseline + grandmother_baseline + edu_mo + edu_fa + employed_mo_baseline  + incomeindex + mspss_tot, data = thp) \n"],"message":[""]}
,
{"type":["check_chunk"],"time":["2024-05-13 18:31:26"],"user":["merttanrioever"],"umph":[1715617886.288],"ok":[true],"chunk":[10],"ex":[1],"e.ind":[0],"code":["stargazer( reg1, reg2, reg3 ,type = \"text\",  digits=2, omit.stat = c(\"f\",\"ser\"))"],"message":[""]}
,
{"type":["check_chunk"],"time":["2024-05-13 18:31:26"],"user":["merttanrioever"],"umph":[1715617886.3065],"ok":[true],"chunk":[11],"ex":[1],"e.ind":[0],"code":["\nc(2,4)\n"],"message":[""]}
,
{"type":["check_chunk"],"time":["2024-05-13 18:31:26"],"user":["merttanrioever"],"umph":[1715617886.3206],"ok":[true],"chunk":[12],"ex":[1],"e.ind":[0],"code":["\n2\n"],"message":[""]}
,
{"type":["check_chunk"],"time":["2024-05-13 18:31:30"],"user":["merttanrioever"],"umph":[1715617890.2071],"ok":[true],"chunk":[13],"ex":[2],"e.ind":[0],"code":["library(AER)\ndata(Fertility)\nhead(Fertility)\nskim(Fertility)"],"message":[""]}
,
{"type":["check_chunk"],"time":["2024-05-13 18:31:30"],"user":["merttanrioever"],"umph":[1715617890.2869],"ok":[true],"chunk":[14],"ex":[2],"e.ind":[0],"code":["\n2\n"],"message":[""]}
,
{"type":["check_chunk"],"time":["2024-05-13 18:31:31"],"user":["merttanrioever"],"umph":[1715617891.3993],"ok":[true],"chunk":[15],"ex":[2],"e.ind":[0],"code":["Fertility <- Fertility %>%\n  mutate(work01 = case_when(work > 0 ~ 1,\n                            work == 0 ~ 0))\n\nreg1 <- lm(work01 ~ morekids, data = Fertility)\n\n\nsummary(reg1)\n"],"message":[""]}
,
{"type":["check_chunk"],"time":["2024-05-13 18:31:31"],"user":["merttanrioever"],"umph":[1715617891.424],"ok":[true],"chunk":[16],"ex":[2],"e.ind":[0],"code":["\n2\n"],"message":[""]}
,
{"type":["check_chunk"],"time":["2024-05-13 18:31:31"],"user":["merttanrioever"],"umph":[1715617891.5071],"ok":[true],"chunk":[17],"ex":[2],"e.ind":[0],"code":["grViz('digraph G {\n\nx [label=\"erklärende Variable x\"]\ny [label=\"abhängige Variable y\"]\nz [label=\"Instrument z\"]\n\nx -> y [label=\"+\"];\nz -> x [label=\"+\"];\nz -> y [label=\"+\"];\n}')"],"message":[""]}
,
{"type":["check_chunk"],"time":["2024-05-13 18:31:31"],"user":["merttanrioever"],"umph":[1715617891.611],"ok":[true],"chunk":[18],"ex":[2],"e.ind":[0],"code":["grViz('digraph G {\n\nx [label=\"erklärende Variable x\"]\ny [label=\"abhängige Variable y\"]\nz [label=\"Instrument z\"]\n\nx -> y [label=\"-\"];\nz -> y [label=\"+\"];\n}')"],"message":[""]}
,
{"type":["check_chunk"],"time":["2024-05-13 18:31:31"],"user":["merttanrioever"],"umph":[1715617891.7741],"ok":[true],"chunk":[19],"ex":[2],"e.ind":[0],"code":["grViz('digraph G {\n\nx [label=\"erklärende Variable x\"]\ny [label=\"abhängige Variable y\"]\nz [label=\"Instrument z\"]\n\nx -> y [label=\"-\"];\nz -> x [label=\"+\"];\n}')"],"message":[""]}
,
{"type":["check_chunk"],"time":["2024-05-13 18:31:31"],"user":["merttanrioever"],"umph":[1715617891.7959],"ok":[true],"chunk":[20],"ex":[2],"e.ind":[0],"code":["\n3\n"],"message":[""]}
,
{"type":["check_chunk"],"time":["2024-05-13 18:31:33"],"user":["merttanrioever"],"umph":[1715617893.4458],"ok":[true],"chunk":[21],"ex":[2],"e.ind":[0],"code":["Fertility <- Fertility %>%\n  mutate(morekids = ifelse(morekids== \"yes\", 1, 0)) %>%\n  mutate(afam = ifelse(afam== \"yes\", 1, 0)) %>%\n  mutate(same_sex = ifelse(gender1== gender2, 1, 0))\n  \nreg1 <-  Fertility %>%\n  lm(morekids ~ gender2, data=.)\n\nreg2 <- Fertility %>%\n  lm(morekids ~ afam, data=.)\n\n reg3 <- Fertility %>%\n  lm(morekids ~ same_sex, data=.)\n\n stargazer(reg1, reg2, reg3, type = \"text\", digits=3)"],"message":[""]}
,
{"type":["check_chunk"],"time":["2024-05-13 18:31:33"],"user":["merttanrioever"],"umph":[1715617893.4629],"ok":[true],"chunk":[22],"ex":[2],"e.ind":[0],"code":["\n3\n"],"message":[""]}
,
{"type":["check_chunk"],"time":["2024-05-13 18:31:34"],"user":["merttanrioever"],"umph":[1715617894.4924],"ok":[true],"chunk":[23],"ex":[2],"e.ind":[0],"code":["\nivreg(work01 ~ morekids | same_sex, data = Fertility) %>% \n  summary(diagnostics=TRUE)\n"],"message":[""]}
,
{"type":["check_chunk"],"time":["2024-05-13 18:31:34"],"user":["merttanrioever"],"umph":[1715617894.8715],"ok":[true],"chunk":[24],"ex":[2],"e.ind":[0],"code":["\nivreg(work01 ~ morekids | same_sex, data = Fertility) %>% \n  summary()\n"],"message":[""]}
,
{"type":["check_chunk"],"time":["2024-05-13 18:31:34"],"user":["merttanrioever"],"umph":[1715617894.8862],"ok":[true],"chunk":[25],"ex":[2],"e.ind":[0],"code":["\n2\n"],"message":[""]}
,
{"type":["check_chunk"],"time":["2024-05-13 18:31:34"],"user":["merttanrioever"],"umph":[1715617894.9017],"ok":[true],"chunk":[26],"ex":[2],"e.ind":[0],"code":["\nc(1,2,3)\n"],"message":[""]}
,
{"type":["check_ps"],"time":["2024-05-13 18:31:35"],"user":["merttanrioever"],"umph":[1715617895.7474],"ok":[true]}
,
{"type":["grade_ps"],"time":["2024-05-13 18:31:53"],"user":["merttanrioever"],"umph":[1715617913.1428],"ok":[true]}
,
{"type":["init_ps"],"time":["2024-05-13 18:31:53"],"user":["merttanrioever"],"umph":[1715617913.2087],"ok":[true]}
,
{"type":["check_chunk"],"time":["2024-05-13 18:31:53"],"user":["merttanrioever"],"umph":[1715617913.2476],"ok":[true],"chunk":[1],"ex":[1],"e.ind":[0],"code":["\n2\n"],"message":[""]}
,
{"type":["check_chunk"],"time":["2024-05-13 18:31:53"],"user":["merttanrioever"],"umph":[1715617913.2733],"ok":[true],"chunk":[2],"ex":[1],"e.ind":[0],"code":["\n\"nein\"\n"],"message":[""]}
,
{"type":["check_chunk"],"time":["2024-05-13 18:31:56"],"user":["merttanrioever"],"umph":[1715617916.5254],"ok":[true],"chunk":[3],"ex":[1],"e.ind":[0],"code":["thp <- read_csv(\"data/THP_clean.csv\") %>%\n  select(newid, uc, depressed_1y, treat, age_baseline, age_baseline_sq, kids_no, famstruct_baseline, grandmother_baseline, edu_mo, edu_fa, employed_mo_baseline, incomeindex, depindex_0, mspss_tot)\n\nskim(thp)\n"],"message":[""]}
,
{"type":["check_chunk"],"time":["2024-05-13 18:31:56"],"user":["merttanrioever"],"umph":[1715617916.8068],"ok":[true],"chunk":[4],"ex":[1],"e.ind":[0],"code":["thp_plots <- thp %>%\n  mutate(treat_factor = as.factor(ifelse(treat == 1 , \"Treatment\", \"Kontrolle\")),\n         depressed = as.factor(ifelse(depressed_1y == 0, \"keine Depressionen\", \"Depressionen\"))) %>%\n  filter( !is.na(depressed)) \nplot_prop_depression <- ggplot(thp_plots, aes(x = depressed, fill = treat_factor)) +\n  geom_bar(position = \"fill\") +\n  labs(x = NULL, y = \"Anteil an Depressionen\", fill = NULL) +\n  scale_fill_manual(values = c(\"darkblue\", \"darkred\"))\n\nplot_prop_depression\n\n"],"message":[""]}
,
{"type":["check_chunk"],"time":["2024-05-13 18:31:56"],"user":["merttanrioever"],"umph":[1715617916.822],"ok":[true],"chunk":[5],"ex":[1],"e.ind":[0],"code":["\n\"ja\"\n"],"message":[""]}
,
{"type":["check_chunk"],"time":["2024-05-13 18:31:56"],"user":["merttanrioever"],"umph":[1715617916.8342],"ok":[true],"chunk":[6],"ex":[1],"e.ind":[0],"code":["\n\"unterschätzen\"\n"],"message":[""]}
,
{"type":["check_chunk"],"time":["2024-05-13 18:31:57"],"user":["merttanrioever"],"umph":[1715617917.4488],"ok":[true],"chunk":[7],"ex":[1],"e.ind":[0],"code":["thp %>% \n  pivot_longer(cols = -treat, names_to = \"variable\", values_to = \"value\") %>%\n  group_nest(variable) %>%\n  mutate(t.test = map(data, ~tidy(t.test(value ~ treat, data = .x)))) %>%\n  unnest(t.test) %>%\n  mutate( Mean_Treatment = round(estimate2, 2),\n          Mean_Kontrolle = round(estimate1, 2),\n    Differenz = round(estimate, 4),\n          Signifikanz = round(p.value,4)) %>%\n  select(variable, Mean_Treatment, Mean_Kontrolle, Differenz, Signifikanz)"],"message":[""]}
,
{"type":["check_chunk"],"time":["2024-05-13 18:31:57"],"user":["merttanrioever"],"umph":[1715617917.4721],"ok":[true],"chunk":[8],"ex":[1],"e.ind":[0],"code":["\n3\n"],"message":[""]}
,
{"type":["check_chunk"],"time":["2024-05-13 18:31:57"],"user":["merttanrioever"],"umph":[1715617917.5331],"ok":[true],"chunk":[9],"ex":[1],"e.ind":[0],"code":["reg1 <- lm(depressed_1y ~ treat, data=thp)\nreg2 <- lm(depressed_1y ~ treat + depindex_0, data=thp)\nreg3 <- lm(depressed_1y ~ treat + depindex_0 + age_baseline + age_baseline_sq + kids_no + famstruct_baseline + grandmother_baseline + edu_mo + edu_fa + employed_mo_baseline  + incomeindex + mspss_tot, data = thp) \n"],"message":[""]}
,
{"type":["check_chunk"],"time":["2024-05-13 18:31:58"],"user":["merttanrioever"],"umph":[1715617918.4432],"ok":[true],"chunk":[10],"ex":[1],"e.ind":[0],"code":["stargazer( reg1, reg2, reg3 ,type = \"text\",  digits=2, omit.stat = c(\"f\",\"ser\"))"],"message":[""]}
,
{"type":["check_chunk"],"time":["2024-05-13 18:31:58"],"user":["merttanrioever"],"umph":[1715617918.4595],"ok":[true],"chunk":[11],"ex":[1],"e.ind":[0],"code":["\nc(2,4)\n"],"message":[""]}
,
{"type":["check_chunk"],"time":["2024-05-13 18:31:58"],"user":["merttanrioever"],"umph":[1715617918.4744],"ok":[true],"chunk":[12],"ex":[1],"e.ind":[0],"code":["\n2\n"],"message":[""]}
,
{"type":["check_chunk"],"time":["2024-05-13 18:32:02"],"user":["merttanrioever"],"umph":[1715617922.1757],"ok":[true],"chunk":[13],"ex":[2],"e.ind":[0],"code":["library(AER)\ndata(Fertility)\nhead(Fertility)\nskim(Fertility)"],"message":[""]}
,
{"type":["check_chunk"],"time":["2024-05-13 18:32:02"],"user":["merttanrioever"],"umph":[1715617922.1892],"ok":[true],"chunk":[14],"ex":[2],"e.ind":[0],"code":["\n2\n"],"message":[""]}
,
{"type":["check_chunk"],"time":["2024-05-13 18:32:03"],"user":["merttanrioever"],"umph":[1715617923.0991],"ok":[true],"chunk":[15],"ex":[2],"e.ind":[0],"code":["Fertility <- Fertility %>%\n  mutate(work01 = case_when(work > 0 ~ 1,\n                            work == 0 ~ 0))\n\nreg1 <- lm(work01 ~ morekids, data = Fertility)\n\n\nsummary(reg1)\n"],"message":[""]}
,
{"type":["check_chunk"],"time":["2024-05-13 18:32:03"],"user":["merttanrioever"],"umph":[1715617923.1133],"ok":[true],"chunk":[16],"ex":[2],"e.ind":[0],"code":["\n2\n"],"message":[""]}
,
{"type":["check_chunk"],"time":["2024-05-13 18:32:03"],"user":["merttanrioever"],"umph":[1715617923.1912],"ok":[true],"chunk":[17],"ex":[2],"e.ind":[0],"code":["grViz('digraph G {\n\nx [label=\"erklärende Variable x\"]\ny [label=\"abhängige Variable y\"]\nz [label=\"Instrument z\"]\n\nx -> y [label=\"+\"];\nz -> x [label=\"+\"];\nz -> y [label=\"+\"];\n}')"],"message":[""]}
,
{"type":["check_chunk"],"time":["2024-05-13 18:32:03"],"user":["merttanrioever"],"umph":[1715617923.2713],"ok":[true],"chunk":[18],"ex":[2],"e.ind":[0],"code":["grViz('digraph G {\n\nx [label=\"erklärende Variable x\"]\ny [label=\"abhängige Variable y\"]\nz [label=\"Instrument z\"]\n\nx -> y [label=\"-\"];\nz -> y [label=\"+\"];\n}')"],"message":[""]}
,
{"type":["check_chunk"],"time":["2024-05-13 18:32:03"],"user":["merttanrioever"],"umph":[1715617923.3553],"ok":[true],"chunk":[19],"ex":[2],"e.ind":[0],"code":["grViz('digraph G {\n\nx [label=\"erklärende Variable x\"]\ny [label=\"abhängige Variable y\"]\nz [label=\"Instrument z\"]\n\nx -> y [label=\"-\"];\nz -> x [label=\"+\"];\n}')"],"message":[""]}
,
{"type":["check_chunk"],"time":["2024-05-13 18:32:03"],"user":["merttanrioever"],"umph":[1715617923.3792],"ok":[true],"chunk":[20],"ex":[2],"e.ind":[0],"code":["\n3\n"],"message":[""]}
,
{"type":["check_chunk"],"time":["2024-05-13 18:32:05"],"user":["merttanrioever"],"umph":[1715617925.444],"ok":[true],"chunk":[21],"ex":[2],"e.ind":[0],"code":["Fertility <- Fertility %>%\n  mutate(morekids = ifelse(morekids== \"yes\", 1, 0)) %>%\n  mutate(afam = ifelse(afam== \"yes\", 1, 0)) %>%\n  mutate(same_sex = ifelse(gender1== gender2, 1, 0))\n  \nreg1 <-  Fertility %>%\n  lm(morekids ~ gender2, data=.)\n\nreg2 <- Fertility %>%\n  lm(morekids ~ afam, data=.)\n\n reg3 <- Fertility %>%\n  lm(morekids ~ same_sex, data=.)\n\n stargazer(reg1, reg2, reg3, type = \"text\", digits=3)"],"message":[""]}
,
{"type":["check_chunk"],"time":["2024-05-13 18:32:05"],"user":["merttanrioever"],"umph":[1715617925.4563],"ok":[true],"chunk":[22],"ex":[2],"e.ind":[0],"code":["\n3\n"],"message":[""]}
,
{"type":["check_chunk"],"time":["2024-05-13 18:32:06"],"user":["merttanrioever"],"umph":[1715617926.6909],"ok":[true],"chunk":[23],"ex":[2],"e.ind":[0],"code":["\nivreg(work01 ~ morekids | same_sex, data = Fertility) %>% \n  summary(diagnostics=TRUE)\n"],"message":[""]}
,
{"type":["check_chunk"],"time":["2024-05-13 18:32:07"],"user":["merttanrioever"],"umph":[1715617927.529],"ok":[true],"chunk":[24],"ex":[2],"e.ind":[0],"code":["\nivreg(work01 ~ morekids | same_sex, data = Fertility) %>% \n  summary()\n"],"message":[""]}
,
{"type":["check_chunk"],"time":["2024-05-13 18:32:07"],"user":["merttanrioever"],"umph":[1715617927.5395],"ok":[true],"chunk":[25],"ex":[2],"e.ind":[0],"code":["\n2\n"],"message":[""]}
,
{"type":["check_chunk"],"time":["2024-05-13 18:32:07"],"user":["merttanrioever"],"umph":[1715617927.5527],"ok":[true],"chunk":[26],"ex":[2],"e.ind":[0],"code":["\nc(1,2,3)\n"],"message":[""]}
,
